   Qt/MSBuild: 3.3.1.1
   Qt: 6.7.2
  Udpserver.cpp
E:\workspace\flight-test\Channel_sim\Channel_sim\Udpserver.cpp(1,1): warning C4828: 文件包含在偏移 0x188 处开始的字符，该字符在当前源字符集中无效(代码页 65001)。
E:\workspace\flight-test\Channel_sim\Channel_sim\Udpserver.cpp(1,1): warning C4828: 文件包含在偏移 0x189 处开始的字符，该字符在当前源字符集中无效(代码页 65001)。
E:\workspace\flight-test\Channel_sim\Channel_sim\Udpserver.cpp(1,1): warning C4828: 文件包含在偏移 0x18d 处开始的字符，该字符在当前源字符集中无效(代码页 65001)。
E:\workspace\flight-test\Channel_sim\Channel_sim\Udpserver.cpp(1,1): warning C4828: 文件包含在偏移 0x190 处开始的字符，该字符在当前源字符集中无效(代码页 65001)。
E:\workspace\flight-test\Channel_sim\Channel_sim\Udpserver.cpp(1,1): warning C4828: 文件包含在偏移 0x191 处开始的字符，该字符在当前源字符集中无效(代码页 65001)。
E:\workspace\flight-test\Channel_sim\Channel_sim\Udpserver.cpp(1,1): warning C4828: 文件包含在偏移 0x275 处开始的字符，该字符在当前源字符集中无效(代码页 65001)。
E:\workspace\flight-test\Channel_sim\Channel_sim\Udpserver.cpp(1,1): warning C4828: 文件包含在偏移 0x276 处开始的字符，该字符在当前源字符集中无效(代码页 65001)。
E:\workspace\flight-test\Channel_sim\Channel_sim\Udpserver.cpp(1,1): warning C4828: 文件包含在偏移 0x27a 处开始的字符，该字符在当前源字符集中无效(代码页 65001)。
E:\workspace\flight-test\Channel_sim\Channel_sim\Udpserver.cpp(1,1): warning C4828: 文件包含在偏移 0x27b 处开始的字符，该字符在当前源字符集中无效(代码页 65001)。
E:\workspace\flight-test\Channel_sim\Channel_sim\Udpserver.cpp(1,1): warning C4828: 文件包含在偏移 0x27d 处开始的字符，该字符在当前源字符集中无效(代码页 65001)。
E:\workspace\flight-test\Channel_sim\Channel_sim\Udpserver.cpp(1,1): warning C4828: 文件包含在偏移 0x379 处开始的字符，该字符在当前源字符集中无效(代码页 65001)。
E:\workspace\flight-test\Channel_sim\Channel_sim\Udpserver.cpp(1,1): warning C4828: 文件包含在偏移 0x37a 处开始的字符，该字符在当前源字符集中无效(代码页 65001)。
E:\workspace\flight-test\Channel_sim\Channel_sim\Udpserver.cpp(1,1): warning C4828: 文件包含在偏移 0x37e 处开始的字符，该字符在当前源字符集中无效(代码页 65001)。
E:\workspace\flight-test\Channel_sim\Channel_sim\Udpserver.cpp(1,1): warning C4828: 文件包含在偏移 0x381 处开始的字符，该字符在当前源字符集中无效(代码页 65001)。
E:\workspace\flight-test\Channel_sim\Channel_sim\Udpserver.cpp(1,1): warning C4828: 文件包含在偏移 0x382 处开始的字符，该字符在当前源字符集中无效(代码页 65001)。
E:\workspace\flight-test\Channel_sim\Channel_sim\Udpserver.cpp(1,1): warning C4828: 文件包含在偏移 0x46c 处开始的字符，该字符在当前源字符集中无效(代码页 65001)。
E:\workspace\flight-test\Channel_sim\Channel_sim\Udpserver.cpp(1,1): warning C4828: 文件包含在偏移 0x46d 处开始的字符，该字符在当前源字符集中无效(代码页 65001)。
E:\workspace\flight-test\Channel_sim\Channel_sim\Udpserver.cpp(1,1): warning C4828: 文件包含在偏移 0x46e 处开始的字符，该字符在当前源字符集中无效(代码页 65001)。
E:\workspace\flight-test\Channel_sim\Channel_sim\Udpserver.cpp(1,1): warning C4828: 文件包含在偏移 0x46f 处开始的字符，该字符在当前源字符集中无效(代码页 65001)。
E:\workspace\flight-test\Channel_sim\Channel_sim\Udpserver.cpp(1,1): warning C4828: 文件包含在偏移 0x47a 处开始的字符，该字符在当前源字符集中无效(代码页 65001)。
E:\workspace\flight-test\Channel_sim\Channel_sim\Udpserver.cpp(1,1): warning C4828: 文件包含在偏移 0x47b 处开始的字符，该字符在当前源字符集中无效(代码页 65001)。
E:\workspace\flight-test\Channel_sim\Channel_sim\Udpserver.cpp(1,1): warning C4828: 文件包含在偏移 0x4dc 处开始的字符，该字符在当前源字符集中无效(代码页 65001)。
E:\workspace\flight-test\Channel_sim\Channel_sim\Udpserver.cpp(1,1): warning C4828: 文件包含在偏移 0x4de 处开始的字符，该字符在当前源字符集中无效(代码页 65001)。
E:\workspace\flight-test\Channel_sim\Channel_sim\Udpserver.cpp(1,1): warning C4828: 文件包含在偏移 0x4e0 处开始的字符，该字符在当前源字符集中无效(代码页 65001)。
E:\workspace\flight-test\Channel_sim\Channel_sim\Udpserver.cpp(1,1): warning C4828: 文件包含在偏移 0x4e1 处开始的字符，该字符在当前源字符集中无效(代码页 65001)。
E:\workspace\flight-test\Channel_sim\Channel_sim\Udpserver.cpp(1,1): warning C4828: 文件包含在偏移 0x4e3 处开始的字符，该字符在当前源字符集中无效(代码页 65001)。
E:\workspace\flight-test\Channel_sim\Channel_sim\Udpserver.cpp(1,1): warning C4828: 文件包含在偏移 0x5f2 处开始的字符，该字符在当前源字符集中无效(代码页 65001)。
E:\workspace\flight-test\Channel_sim\Channel_sim\Udpserver.cpp(1,1): warning C4828: 文件包含在偏移 0x5f5 处开始的字符，该字符在当前源字符集中无效(代码页 65001)。
E:\workspace\flight-test\Channel_sim\Channel_sim\Udpserver.cpp(1,1): warning C4828: 文件包含在偏移 0x5f9 处开始的字符，该字符在当前源字符集中无效(代码页 65001)。
E:\workspace\flight-test\Channel_sim\Channel_sim\Udpserver.cpp(1,1): warning C4828: 文件包含在偏移 0x5fa 处开始的字符，该字符在当前源字符集中无效(代码页 65001)。
E:\workspace\flight-test\Channel_sim\Channel_sim\Udpserver.cpp(1,1): warning C4828: 文件包含在偏移 0x5fe 处开始的字符，该字符在当前源字符集中无效(代码页 65001)。
E:\workspace\flight-test\Channel_sim\Channel_sim\Udpserver.cpp(1,1): warning C4828: 文件包含在偏移 0x600 处开始的字符，该字符在当前源字符集中无效(代码页 65001)。
E:\workspace\flight-test\Channel_sim\Channel_sim\Udpserver.cpp(1,1): warning C4828: 文件包含在偏移 0x6df 处开始的字符，该字符在当前源字符集中无效(代码页 65001)。
E:\workspace\flight-test\Channel_sim\Channel_sim\Udpserver.cpp(1,1): warning C4828: 文件包含在偏移 0x6e1 处开始的字符，该字符在当前源字符集中无效(代码页 65001)。
E:\workspace\flight-test\Channel_sim\Channel_sim\Udpserver.cpp(1,1): warning C4828: 文件包含在偏移 0x6e2 处开始的字符，该字符在当前源字符集中无效(代码页 65001)。
E:\workspace\flight-test\Channel_sim\Channel_sim\Udpserver.cpp(1,1): warning C4828: 文件包含在偏移 0x6e3 处开始的字符，该字符在当前源字符集中无效(代码页 65001)。
E:\workspace\flight-test\Channel_sim\Channel_sim\Udpserver.cpp(1,1): warning C4828: 文件包含在偏移 0x6e4 处开始的字符，该字符在当前源字符集中无效(代码页 65001)。
E:\workspace\flight-test\Channel_sim\Channel_sim\Udpserver.cpp(1,1): warning C4828: 文件包含在偏移 0x6ea 处开始的字符，该字符在当前源字符集中无效(代码页 65001)。
E:\workspace\flight-test\Channel_sim\Channel_sim\Udpserver.cpp(1,1): warning C4828: 文件包含在偏移 0x924 处开始的字符，该字符在当前源字符集中无效(代码页 65001)。
E:\workspace\flight-test\Channel_sim\Channel_sim\Udpserver.cpp(1,1): warning C4828: 文件包含在偏移 0x925 处开始的字符，该字符在当前源字符集中无效(代码页 65001)。
E:\workspace\flight-test\Channel_sim\Channel_sim\Udpserver.cpp(1,1): warning C4828: 文件包含在偏移 0x928 处开始的字符，该字符在当前源字符集中无效(代码页 65001)。
E:\workspace\flight-test\Channel_sim\Channel_sim\Udpserver.cpp(1,1): warning C4828: 文件包含在偏移 0x92a 处开始的字符，该字符在当前源字符集中无效(代码页 65001)。
E:\workspace\flight-test\Channel_sim\Channel_sim\Udpserver.cpp(1,1): warning C4828: 文件包含在偏移 0x92b 处开始的字符，该字符在当前源字符集中无效(代码页 65001)。
E:\workspace\flight-test\Channel_sim\Channel_sim\Udpserver.cpp(1,1): warning C4828: 文件包含在偏移 0xb6f 处开始的字符，该字符在当前源字符集中无效(代码页 65001)。
E:\workspace\flight-test\Channel_sim\Channel_sim\Udpserver.cpp(1,1): warning C4828: 文件包含在偏移 0xb75 处开始的字符，该字符在当前源字符集中无效(代码页 65001)。
E:\workspace\flight-test\Channel_sim\Channel_sim\Udpserver.cpp(1,1): warning C4828: 文件包含在偏移 0xbec 处开始的字符，该字符在当前源字符集中无效(代码页 65001)。
E:\workspace\flight-test\Channel_sim\Channel_sim\Udpserver.cpp(1,1): warning C4828: 文件包含在偏移 0xbed 处开始的字符，该字符在当前源字符集中无效(代码页 65001)。
E:\workspace\flight-test\Channel_sim\Channel_sim\Udpserver.cpp(1,1): warning C4828: 文件包含在偏移 0xbf1 处开始的字符，该字符在当前源字符集中无效(代码页 65001)。
E:\workspace\flight-test\Channel_sim\Channel_sim\Udpserver.cpp(1,1): warning C4828: 文件包含在偏移 0xbf5 处开始的字符，该字符在当前源字符集中无效(代码页 65001)。
E:\workspace\flight-test\Channel_sim\Channel_sim\Udpserver.cpp(1,1): warning C4828: 文件包含在偏移 0xbfb 处开始的字符，该字符在当前源字符集中无效(代码页 65001)。
E:\workspace\flight-test\Channel_sim\Channel_sim\Udpserver.cpp(1,1): warning C4828: 文件包含在偏移 0xbfc 处开始的字符，该字符在当前源字符集中无效(代码页 65001)。
E:\workspace\flight-test\Channel_sim\Channel_sim\Udpserver.cpp(1,1): warning C4828: 文件包含在偏移 0x153c 处开始的字符，该字符在当前源字符集中无效(代码页 65001)。
E:\workspace\flight-test\Channel_sim\Channel_sim\Udpserver.cpp(1,1): warning C4828: 文件包含在偏移 0x153e 处开始的字符，该字符在当前源字符集中无效(代码页 65001)。
E:\workspace\flight-test\Channel_sim\Channel_sim\Udpserver.cpp(1,1): warning C4828: 文件包含在偏移 0x1540 处开始的字符，该字符在当前源字符集中无效(代码页 65001)。
E:\workspace\flight-test\Channel_sim\Channel_sim\Udpserver.cpp(1,1): warning C4828: 文件包含在偏移 0x1542 处开始的字符，该字符在当前源字符集中无效(代码页 65001)。
E:\workspace\flight-test\Channel_sim\Channel_sim\Udpserver.cpp(1,1): warning C4828: 文件包含在偏移 0x1543 处开始的字符，该字符在当前源字符集中无效(代码页 65001)。
E:\workspace\flight-test\Channel_sim\Channel_sim\Udpserver.cpp(1,1): warning C4828: 文件包含在偏移 0x1546 处开始的字符，该字符在当前源字符集中无效(代码页 65001)。
E:\workspace\flight-test\Channel_sim\Channel_sim\Udpserver.cpp(1,1): warning C4828: 文件包含在偏移 0x1547 处开始的字符，该字符在当前源字符集中无效(代码页 65001)。
E:\workspace\flight-test\Channel_sim\Channel_sim\Udpserver.cpp(1,1): warning C4828: 文件包含在偏移 0x1588 处开始的字符，该字符在当前源字符集中无效(代码页 65001)。
E:\workspace\flight-test\Channel_sim\Channel_sim\Udpserver.cpp(1,1): warning C4828: 文件包含在偏移 0x158a 处开始的字符，该字符在当前源字符集中无效(代码页 65001)。
E:\workspace\flight-test\Channel_sim\Channel_sim\Udpserver.cpp(1,1): warning C4828: 文件包含在偏移 0x158b 处开始的字符，该字符在当前源字符集中无效(代码页 65001)。
E:\workspace\flight-test\Channel_sim\Channel_sim\Udpserver.cpp(1,1): warning C4828: 文件包含在偏移 0x158c 处开始的字符，该字符在当前源字符集中无效(代码页 65001)。
E:\workspace\flight-test\Channel_sim\Channel_sim\Udpserver.cpp(1,1): warning C4828: 文件包含在偏移 0x158e 处开始的字符，该字符在当前源字符集中无效(代码页 65001)。
E:\workspace\flight-test\Channel_sim\Channel_sim\Udpserver.cpp(1,1): warning C4828: 文件包含在偏移 0x158f 处开始的字符，该字符在当前源字符集中无效(代码页 65001)。
E:\workspace\flight-test\Channel_sim\Channel_sim\Udpserver.cpp(1,1): warning C4828: 文件包含在偏移 0x1590 处开始的字符，该字符在当前源字符集中无效(代码页 65001)。
E:\workspace\flight-test\Channel_sim\Channel_sim\Udpserver.cpp(1,1): warning C4828: 文件包含在偏移 0x1591 处开始的字符，该字符在当前源字符集中无效(代码页 65001)。
E:\workspace\flight-test\Channel_sim\Channel_sim\Udpserver.cpp(1,1): warning C4828: 文件包含在偏移 0x1594 处开始的字符，该字符在当前源字符集中无效(代码页 65001)。
E:\workspace\flight-test\Channel_sim\Channel_sim\Udpserver.cpp(1,1): warning C4828: 文件包含在偏移 0x1596 处开始的字符，该字符在当前源字符集中无效(代码页 65001)。
E:\workspace\flight-test\Channel_sim\Channel_sim\Udpserver.cpp(1,1): warning C4828: 文件包含在偏移 0x1597 处开始的字符，该字符在当前源字符集中无效(代码页 65001)。
E:\workspace\flight-test\Channel_sim\Channel_sim\Udpserver.cpp(1,1): warning C4828: 文件包含在偏移 0x1630 处开始的字符，该字符在当前源字符集中无效(代码页 65001)。
E:\workspace\flight-test\Channel_sim\Channel_sim\Udpserver.cpp(1,1): warning C4828: 文件包含在偏移 0x1632 处开始的字符，该字符在当前源字符集中无效(代码页 65001)。
E:\workspace\flight-test\Channel_sim\Channel_sim\Udpserver.cpp(1,1): warning C4828: 文件包含在偏移 0x1633 处开始的字符，该字符在当前源字符集中无效(代码页 65001)。
E:\workspace\flight-test\Channel_sim\Channel_sim\Udpserver.cpp(1,1): warning C4828: 文件包含在偏移 0x1634 处开始的字符，该字符在当前源字符集中无效(代码页 65001)。
E:\workspace\flight-test\Channel_sim\Channel_sim\Udpserver.cpp(1,1): warning C4828: 文件包含在偏移 0x1635 处开始的字符，该字符在当前源字符集中无效(代码页 65001)。
E:\workspace\flight-test\Channel_sim\Channel_sim\Udpserver.cpp(1,1): warning C4828: 文件包含在偏移 0x1636 处开始的字符，该字符在当前源字符集中无效(代码页 65001)。
E:\workspace\flight-test\Channel_sim\Channel_sim\Udpserver.cpp(1,1): warning C4828: 文件包含在偏移 0x1638 处开始的字符，该字符在当前源字符集中无效(代码页 65001)。
E:\workspace\flight-test\Channel_sim\Channel_sim\Udpserver.cpp(1,1): warning C4828: 文件包含在偏移 0x163a 处开始的字符，该字符在当前源字符集中无效(代码页 65001)。
E:\workspace\flight-test\Channel_sim\Channel_sim\Udpserver.cpp(1,1): warning C4828: 文件包含在偏移 0x163b 处开始的字符，该字符在当前源字符集中无效(代码页 65001)。
E:\workspace\flight-test\Channel_sim\Channel_sim\Udpserver.h(1,1): warning C4828: 文件包含在偏移 0x270 处开始的字符，该字符在当前源字符集中无效(代码页 65001)。
  (编译源文件“Udpserver.cpp”)
  
E:\workspace\flight-test\Channel_sim\Channel_sim\Udpserver.h(1,1): warning C4828: 文件包含在偏移 0x271 处开始的字符，该字符在当前源字符集中无效(代码页 65001)。
  (编译源文件“Udpserver.cpp”)
  
E:\workspace\flight-test\Channel_sim\Channel_sim\Udpserver.h(1,1): warning C4828: 文件包含在偏移 0x274 处开始的字符，该字符在当前源字符集中无效(代码页 65001)。
  (编译源文件“Udpserver.cpp”)
  
E:\workspace\flight-test\Channel_sim\Channel_sim\Udpserver.h(1,1): warning C4828: 文件包含在偏移 0x275 处开始的字符，该字符在当前源字符集中无效(代码页 65001)。
  (编译源文件“Udpserver.cpp”)
  
E:\workspace\flight-test\Channel_sim\Channel_sim\Udpserver.h(1,1): warning C4828: 文件包含在偏移 0x27b 处开始的字符，该字符在当前源字符集中无效(代码页 65001)。
  (编译源文件“Udpserver.cpp”)
  
E:\workspace\flight-test\Channel_sim\Channel_sim\Udpserver.h(1,1): warning C4828: 文件包含在偏移 0x27d 处开始的字符，该字符在当前源字符集中无效(代码页 65001)。
  (编译源文件“Udpserver.cpp”)
  
E:\workspace\flight-test\Channel_sim\Channel_sim\Udpserver.h(1,1): warning C4828: 文件包含在偏移 0x2b5 处开始的字符，该字符在当前源字符集中无效(代码页 65001)。
  (编译源文件“Udpserver.cpp”)
  
E:\workspace\flight-test\Channel_sim\Channel_sim\Udpserver.h(1,1): warning C4828: 文件包含在偏移 0x2b7 处开始的字符，该字符在当前源字符集中无效(代码页 65001)。
  (编译源文件“Udpserver.cpp”)
  
E:\workspace\flight-test\Channel_sim\Channel_sim\Udpserver.h(1,1): warning C4828: 文件包含在偏移 0x2b8 处开始的字符，该字符在当前源字符集中无效(代码页 65001)。
  (编译源文件“Udpserver.cpp”)
  
E:\workspace\flight-test\Channel_sim\Channel_sim\Udpserver.h(1,1): warning C4828: 文件包含在偏移 0x2d8 处开始的字符，该字符在当前源字符集中无效(代码页 65001)。
  (编译源文件“Udpserver.cpp”)
  
E:\workspace\flight-test\Channel_sim\Channel_sim\Udpserver.h(1,1): warning C4828: 文件包含在偏移 0x2da 处开始的字符，该字符在当前源字符集中无效(代码页 65001)。
  (编译源文件“Udpserver.cpp”)
  
E:\workspace\flight-test\Channel_sim\Channel_sim\Udpserver.h(1,1): warning C4828: 文件包含在偏移 0x2db 处开始的字符，该字符在当前源字符集中无效(代码页 65001)。
  (编译源文件“Udpserver.cpp”)
  
E:\workspace\flight-test\Channel_sim\Channel_sim\Udpserver.h(1,1): warning C4828: 文件包含在偏移 0x2fc 处开始的字符，该字符在当前源字符集中无效(代码页 65001)。
  (编译源文件“Udpserver.cpp”)
  
E:\workspace\flight-test\Channel_sim\Channel_sim\Udpserver.h(1,1): warning C4828: 文件包含在偏移 0x2fe 处开始的字符，该字符在当前源字符集中无效(代码页 65001)。
  (编译源文件“Udpserver.cpp”)
  
E:\workspace\flight-test\Channel_sim\Channel_sim\Udpserver.h(1,1): warning C4828: 文件包含在偏移 0x2ff 处开始的字符，该字符在当前源字符集中无效(代码页 65001)。
  (编译源文件“Udpserver.cpp”)
  
E:\workspace\flight-test\Channel_sim\Channel_sim\Udpserver.h(1,1): warning C4828: 文件包含在偏移 0x326 处开始的字符，该字符在当前源字符集中无效(代码页 65001)。
  (编译源文件“Udpserver.cpp”)
  
E:\workspace\flight-test\Channel_sim\Channel_sim\Udpserver.h(1,1): warning C4828: 文件包含在偏移 0x328 处开始的字符，该字符在当前源字符集中无效(代码页 65001)。
  (编译源文件“Udpserver.cpp”)
  
E:\workspace\flight-test\Channel_sim\Channel_sim\Udpserver.h(1,1): warning C4828: 文件包含在偏移 0x329 处开始的字符，该字符在当前源字符集中无效(代码页 65001)。
  (编译源文件“Udpserver.cpp”)
  
E:\workspace\flight-test\Channel_sim\Channel_sim\Udpserver.h(1,1): warning C4828: 文件包含在偏移 0x34f 处开始的字符，该字符在当前源字符集中无效(代码页 65001)。
  (编译源文件“Udpserver.cpp”)
  
E:\workspace\flight-test\Channel_sim\Channel_sim\Udpserver.h(1,1): warning C4828: 文件包含在偏移 0x351 处开始的字符，该字符在当前源字符集中无效(代码页 65001)。
  (编译源文件“Udpserver.cpp”)
  
E:\workspace\flight-test\Channel_sim\Channel_sim\Udpserver.h(1,1): warning C4828: 文件包含在偏移 0x352 处开始的字符，该字符在当前源字符集中无效(代码页 65001)。
  (编译源文件“Udpserver.cpp”)
  
E:\workspace\flight-test\Channel_sim\Channel_sim\Udpserver.h(1,1): warning C4828: 文件包含在偏移 0x378 处开始的字符，该字符在当前源字符集中无效(代码页 65001)。
  (编译源文件“Udpserver.cpp”)
  
E:\workspace\flight-test\Channel_sim\Channel_sim\Udpserver.h(1,1): warning C4828: 文件包含在偏移 0x37a 处开始的字符，该字符在当前源字符集中无效(代码页 65001)。
  (编译源文件“Udpserver.cpp”)
  
E:\workspace\flight-test\Channel_sim\Channel_sim\Udpserver.h(1,1): warning C4828: 文件包含在偏移 0x37b 处开始的字符，该字符在当前源字符集中无效(代码页 65001)。
  (编译源文件“Udpserver.cpp”)
  
E:\workspace\flight-test\Channel_sim\Channel_sim\Udpserver.h(1,1): warning C4828: 文件包含在偏移 0x3a0 处开始的字符，该字符在当前源字符集中无效(代码页 65001)。
  (编译源文件“Udpserver.cpp”)
  
E:\workspace\flight-test\Channel_sim\Channel_sim\Udpserver.h(1,1): warning C4828: 文件包含在偏移 0x3a2 处开始的字符，该字符在当前源字符集中无效(代码页 65001)。
  (编译源文件“Udpserver.cpp”)
  
E:\workspace\flight-test\Channel_sim\Channel_sim\Udpserver.h(1,1): warning C4828: 文件包含在偏移 0x3a3 处开始的字符，该字符在当前源字符集中无效(代码页 65001)。
  (编译源文件“Udpserver.cpp”)
  
E:\workspace\flight-test\Channel_sim\Channel_sim\Udpserver.h(1,1): warning C4828: 文件包含在偏移 0x3c8 处开始的字符，该字符在当前源字符集中无效(代码页 65001)。
  (编译源文件“Udpserver.cpp”)
  
E:\workspace\flight-test\Channel_sim\Channel_sim\Udpserver.h(1,1): warning C4828: 文件包含在偏移 0x3ca 处开始的字符，该字符在当前源字符集中无效(代码页 65001)。
  (编译源文件“Udpserver.cpp”)
  
E:\workspace\flight-test\Channel_sim\Channel_sim\Udpserver.h(1,1): warning C4828: 文件包含在偏移 0x3cb 处开始的字符，该字符在当前源字符集中无效(代码页 65001)。
  (编译源文件“Udpserver.cpp”)
  
  Channel_sim.vcxproj -> E:\workspace\flight-test\Channel_sim\x64\Debug\Channel_sim.exe
  'pwsh.exe' 不是内部或外部命令，也不是可运行的程序
  或批处理文件。
